# JRE version: Java(TM) SE Runtime Environment (8.0_101-b13) (build 1.8.0_101-b13)
# Java VM: Java HotSpot(TM) 64-Bit Server VM (25.101-b13 mixed mode windows-amd64 compressed oops)
Heap:
 PSYoungGen      total 379904K, used 300769K [0x00000000e0000000, 0x0000000100000000, 0x0000000100000000)
  eden space 249856K, 68% used [0x00000000e0000000,0x00000000ea6c2438,0x00000000ef400000)
  from space 130048K, 99% used [0x00000000ef400000,0x00000000f72f6300,0x00000000f7300000)
  to   space 144384K, 0% used [0x00000000f7300000,0x00000000f7300000,0x0000000100000000)
 ParOldGen       total 248832K, used 207707K [0x00000000a0000000, 0x00000000af300000, 0x00000000e0000000)
  object space 248832K, 83% used [0x00000000a0000000,0x00000000acad6d38,0x00000000af300000)
 Metaspace       used 76561K, capacity 80820K, committed 80984K, reserved 1120256K
  class space    used 9486K, capacity 10093K, committed 10112K, reserved 1048576K
GC Heap History (10 events):
Event: 9310.465 GC heap before
{Heap before GC invocations=30 (full 3):
 PSYoungGen      total 399872K, used 378754K [0x00000000e0000000, 0x00000000fea00000, 0x0000000100000000)
  eden space 313344K, 100% used [0x00000000e0000000,0x00000000f3200000,0x00000000f3200000)
  from space 86528K, 75% used [0x00000000f9080000,0x00000000fd060a30,0x00000000fe500000)
  to   space 94208K, 0% used [0x00000000f3200000,0x00000000f3200000,0x00000000f8e00000)
 ParOldGen       total 248832K, used 196746K [0x00000000a0000000, 0x00000000af300000, 0x00000000e0000000)
  object space 248832K, 79% used [0x00000000a0000000,0x00000000ac022a58,0x00000000af300000)
 Metaspace       used 74774K, capacity 78830K, committed 79064K, reserved 1118208K
  class space    used 9313K, capacity 9928K, committed 9984K, reserved 1048576K
Event: 9310.528 GC heap after
Heap after GC invocations=30 (full 3):
 PSYoungGen      total 397312K, used 94184K [0x00000000e0000000, 0x0000000100000000, 0x0000000100000000)
  eden space 303104K, 0% used [0x00000000e0000000,0x00000000e0000000,0x00000000f2800000)
  from space 94208K, 99% used [0x00000000f3200000,0x00000000f8dfa1c0,0x00000000f8e00000)
  to   space 112128K, 0% used [0x00000000f9280000,0x00000000f9280000,0x0000000100000000)
 ParOldGen       total 248832K, used 201357K [0x00000000a0000000, 0x00000000af300000, 0x00000000e0000000)
  object space 248832K, 80% used [0x00000000a0000000,0x00000000ac4a34a0,0x00000000af300000)
 Metaspace       used 74774K, capacity 78830K, committed 79064K, reserved 1118208K
  class space    used 9313K, capacity 9928K, committed 9984K, reserved 1048576K
}
Event: 9315.424 GC heap before
{Heap before GC invocations=31 (full 3):
 PSYoungGen      total 397312K, used 397288K [0x00000000e0000000, 0x0000000100000000, 0x0000000100000000)
  eden space 303104K, 100% used [0x00000000e0000000,0x00000000f2800000,0x00000000f2800000)
  from space 94208K, 99% used [0x00000000f3200000,0x00000000f8dfa1c0,0x00000000f8e00000)
  to   space 112128K, 0% used [0x00000000f9280000,0x00000000f9280000,0x0000000100000000)
 ParOldGen       total 248832K, used 201357K [0x00000000a0000000, 0x00000000af300000, 0x00000000e0000000)
  object space 248832K, 80% used [0x00000000a0000000,0x00000000ac4a34a0,0x00000000af300000)
 Metaspace       used 75346K, capacity 79380K, committed 79576K, reserved 1118208K
  class space    used 9365K, capacity 9961K, committed 9984K, reserved 1048576K
Event: 9315.483 GC heap after
Heap after GC invocations=31 (full 3):
 PSYoungGen      total 404992K, used 69140K [0x00000000e0000000, 0x0000000100000000, 0x0000000100000000)
  eden space 292864K, 0% used [0x00000000e0000000,0x00000000e0000000,0x00000000f1e00000)
  from space 112128K, 61% used [0x00000000f9280000,0x00000000fd605230,0x0000000100000000)
  to   space 115712K, 0% used [0x00000000f1e00000,0x00000000f1e00000,0x00000000f8f00000)
 ParOldGen       total 248832K, used 201679K [0x00000000a0000000, 0x00000000af300000, 0x00000000e0000000)
  object space 248832K, 81% used [0x00000000a0000000,0x00000000ac4f3c48,0x00000000af300000)
 Metaspace       used 75346K, capacity 79380K, committed 79576K, reserved 1118208K
  class space    used 9365K, capacity 9961K, committed 9984K, reserved 1048576K
}
Event: 9473.934 GC heap before
{Heap before GC invocations=32 (full 3):
 PSYoungGen      total 404992K, used 362004K [0x00000000e0000000, 0x0000000100000000, 0x0000000100000000)
  eden space 292864K, 100% used [0x00000000e0000000,0x00000000f1e00000,0x00000000f1e00000)
  from space 112128K, 61% used [0x00000000f9280000,0x00000000fd605230,0x0000000100000000)
  to   space 115712K, 0% used [0x00000000f1e00000,0x00000000f1e00000,0x00000000f8f00000)
 ParOldGen       total 248832K, used 201679K [0x00000000a0000000, 0x00000000af300000, 0x00000000e0000000)
  object space 248832K, 81% used [0x00000000a0000000,0x00000000ac4f3c48,0x00000000af300000)
 Metaspace       used 75477K, capacity 79630K, committed 79832K, reserved 1120256K
  class space    used 9382K, capacity 9978K, committed 9984K, reserved 1048576K
Event: 9473.962 GC heap after
Heap after GC invocations=32 (full 3):
 PSYoungGen      total 346624K, used 62905K [0x00000000e0000000, 0x00000000ff800000, 0x0000000100000000)
  eden space 283648K, 0% used [0x00000000e0000000,0x00000000e0000000,0x00000000f1500000)
  from space 62976K, 99% used [0x00000000f1e00000,0x00000000f5b6e768,0x00000000f5b80000)
  to   space 116224K, 0% used [0x00000000f8680000,0x00000000f8680000,0x00000000ff800000)
 ParOldGen       total 248832K, used 201687K [0x00000000a0000000, 0x00000000af300000, 0x00000000e0000000)
  object space 248832K, 81% used [0x00000000a0000000,0x00000000ac4f5c48,0x00000000af300000)
 Metaspace       used 75477K, capacity 79630K, committed 79832K, reserved 1120256K
  class space    used 9382K, capacity 9978K, committed 9984K, reserved 1048576K
}
Event: 9476.017 GC heap before
{Heap before GC invocations=33 (full 3):
 PSYoungGen      total 346624K, used 346553K [0x00000000e0000000, 0x00000000ff800000, 0x0000000100000000)
  eden space 283648K, 100% used [0x00000000e0000000,0x00000000f1500000,0x00000000f1500000)
  from space 62976K, 99% used [0x00000000f1e00000,0x00000000f5b6e768,0x00000000f5b80000)
  to   space 116224K, 0% used [0x00000000f8680000,0x00000000f8680000,0x00000000ff800000)
 ParOldGen       total 248832K, used 201687K [0x00000000a0000000, 0x00000000af300000, 0x00000000e0000000)
  object space 248832K, 81% used [0x00000000a0000000,0x00000000ac4f5c48,0x00000000af300000)
 Metaspace       used 76454K, capacity 80716K, committed 80984K, reserved 1120256K
  class space    used 9476K, capacity 10083K, committed 10112K, reserved 1048576K
Event: 9476.100 GC heap after
Heap after GC invocations=33 (full 3):
 PSYoungGen      total 366080K, used 116216K [0x00000000e0000000, 0x0000000100000000, 0x0000000100000000)
  eden space 249856K, 0% used [0x00000000e0000000,0x00000000e0000000,0x00000000ef400000)
  from space 116224K, 99% used [0x00000000f8680000,0x00000000ff7fe0b0,0x00000000ff800000)
  to   space 137216K, 0% used [0x00000000ef400000,0x00000000ef400000,0x00000000f7a00000)
 ParOldGen       total 248832K, used 207143K [0x00000000a0000000, 0x00000000af300000, 0x00000000e0000000)
  object space 248832K, 83% used [0x00000000a0000000,0x00000000aca49d28,0x00000000af300000)
 Metaspace       used 76454K, capacity 80716K, committed 80984K, reserved 1120256K
  class space    used 9476K, capacity 10083K, committed 10112K, reserved 1048576K
}
Event: 9480.033 GC heap before
{Heap before GC invocations=34 (full 3):
 PSYoungGen      total 366080K, used 365953K [0x00000000e0000000, 0x0000000100000000, 0x0000000100000000)
  eden space 249856K, 99% used [0x00000000e0000000,0x00000000ef3e25e8,0x00000000ef400000)
  from space 116224K, 99% used [0x00000000f8680000,0x00000000ff7fe0b0,0x00000000ff800000)
  to   space 137216K, 0% used [0x00000000ef400000,0x00000000ef400000,0x00000000f7a00000)
 ParOldGen       total 248832K, used 207143K [0x00000000a0000000, 0x00000000af300000, 0x00000000e0000000)
  object space 248832K, 83% used [0x00000000a0000000,0x00000000aca49d28,0x00000000af300000)
 Metaspace       used 76489K, capacity 80720K, committed 80984K, reserved 1120256K
  class space    used 9476K, capacity 10083K, committed 10112K, reserved 1048576K
Event: 9480.095 GC heap after
Heap after GC invocations=34 (full 3):
 PSYoungGen      total 379904K, used 130008K [0x00000000e0000000, 0x0000000100000000, 0x0000000100000000)
  eden space 249856K, 0% used [0x00000000e0000000,0x00000000e0000000,0x00000000ef400000)
  from space 130048K, 99% used [0x00000000ef400000,0x00000000f72f6300,0x00000000f7300000)
  to   space 144384K, 0% used [0x00000000f7300000,0x00000000f7300000,0x0000000100000000)
 ParOldGen       total 248832K, used 207707K [0x00000000a0000000, 0x00000000af300000, 0x00000000e0000000)
  object space 248832K, 83% used [0x00000000a0000000,0x00000000acad6d38,0x00000000af300000)
 Metaspace       used 76489K, capacity 80720K, committed 80984K, reserved 1120256K
  class space    used 9476K, capacity 10083K, committed 10112K, reserved 1048576K
}

