# JRE version: Java(TM) SE Runtime Environment (8.0_101-b13) (build 1.8.0_101-b13)
# Java VM: Java HotSpot(TM) 64-Bit Server VM (25.101-b13 mixed mode windows-amd64 compressed oops)
Heap:
 PSYoungGen      total 366080K, used 61501K [0x00000000e0000000, 0x00000000fbb80000, 0x0000000100000000)
  eden space 300544K, 20% used [0x00000000e0000000,0x00000000e3c0f788,0x00000000f2580000)
  from space 65536K, 0% used [0x00000000f2580000,0x00000000f2580000,0x00000000f6580000)
  to   space 49152K, 0% used [0x00000000f6580000,0x00000000f6580000,0x00000000f9580000)
 ParOldGen       total 209920K, used 49576K [0x00000000a0000000, 0x00000000acd00000, 0x00000000e0000000)
  object space 209920K, 23% used [0x00000000a0000000,0x00000000a306a220,0x00000000acd00000)
 Metaspace       used 67990K, capacity 70604K, committed 72536K, reserved 1112064K
  class space    used 8616K, capacity 9047K, committed 9344K, reserved 1048576K
GC Heap History (10 events):
Event: 1127.151 GC heap before
{Heap before GC invocations=19 (full 3):
 PSYoungGen      total 243712K, used 195786K [0x00000000e0000000, 0x00000000f6c80000, 0x0000000100000000)
  eden space 190464K, 100% used [0x00000000e0000000,0x00000000eba00000,0x00000000eba00000)
  from space 53248K, 9% used [0x00000000eba00000,0x00000000ebf32b10,0x00000000eee00000)
  to   space 52736K, 0% used [0x00000000f3900000,0x00000000f3900000,0x00000000f6c80000)
 ParOldGen       total 209920K, used 118916K [0x00000000a0000000, 0x00000000acd00000, 0x00000000e0000000)
  object space 209920K, 56% used [0x00000000a0000000,0x00000000a74211f0,0x00000000acd00000)
 Metaspace       used 67777K, capacity 70114K, committed 70360K, reserved 1110016K
  class space    used 8662K, capacity 9090K, committed 9216K, reserved 1048576K
Event: 1127.159 GC heap after
Heap after GC invocations=19 (full 3):
 PSYoungGen      total 306176K, used 2535K [0x00000000e0000000, 0x00000000f6580000, 0x0000000100000000)
  eden space 260608K, 0% used [0x00000000e0000000,0x00000000e0000000,0x00000000efe80000)
  from space 45568K, 5% used [0x00000000f3900000,0x00000000f3b79de8,0x00000000f6580000)
  to   space 52736K, 0% used [0x00000000efe80000,0x00000000efe80000,0x00000000f3200000)
 ParOldGen       total 209920K, used 120352K [0x00000000a0000000, 0x00000000acd00000, 0x00000000e0000000)
  object space 209920K, 57% used [0x00000000a0000000,0x00000000a7588068,0x00000000acd00000)
 Metaspace       used 67777K, capacity 70114K, committed 70360K, reserved 1110016K
  class space    used 8662K, capacity 9090K, committed 9216K, reserved 1048576K
}
Event: 1344.068 GC heap before
{Heap before GC invocations=20 (full 3):
 PSYoungGen      total 306176K, used 263143K [0x00000000e0000000, 0x00000000f6580000, 0x0000000100000000)
  eden space 260608K, 100% used [0x00000000e0000000,0x00000000efe80000,0x00000000efe80000)
  from space 45568K, 5% used [0x00000000f3900000,0x00000000f3b79de8,0x00000000f6580000)
  to   space 52736K, 0% used [0x00000000efe80000,0x00000000efe80000,0x00000000f3200000)
 ParOldGen       total 209920K, used 120352K [0x00000000a0000000, 0x00000000acd00000, 0x00000000e0000000)
  object space 209920K, 57% used [0x00000000a0000000,0x00000000a7588068,0x00000000acd00000)
 Metaspace       used 68472K, capacity 71030K, committed 71128K, reserved 1112064K
  class space    used 8705K, capacity 9152K, committed 9216K, reserved 1048576K
Event: 1344.096 GC heap after
Heap after GC invocations=20 (full 3):
 PSYoungGen      total 313344K, used 18088K [0x00000000e0000000, 0x00000000f9580000, 0x0000000100000000)
  eden space 260608K, 0% used [0x00000000e0000000,0x00000000e0000000,0x00000000efe80000)
  from space 52736K, 34% used [0x00000000efe80000,0x00000000f102a298,0x00000000f3200000)
  to   space 49152K, 0% used [0x00000000f6580000,0x00000000f6580000,0x00000000f9580000)
 ParOldGen       total 209920K, used 121320K [0x00000000a0000000, 0x00000000acd00000, 0x00000000e0000000)
  object space 209920K, 57% used [0x00000000a0000000,0x00000000a767a088,0x00000000acd00000)
 Metaspace       used 68472K, capacity 71030K, committed 71128K, reserved 1112064K
  class space    used 8705K, capacity 9152K, committed 9216K, reserved 1048576K
}
Event: 1348.540 GC heap before
{Heap before GC invocations=21 (full 3):
 PSYoungGen      total 313344K, used 278696K [0x00000000e0000000, 0x00000000f9580000, 0x0000000100000000)
  eden space 260608K, 100% used [0x00000000e0000000,0x00000000efe80000,0x00000000efe80000)
  from space 52736K, 34% used [0x00000000efe80000,0x00000000f102a298,0x00000000f3200000)
  to   space 49152K, 0% used [0x00000000f6580000,0x00000000f6580000,0x00000000f9580000)
 ParOldGen       total 209920K, used 121320K [0x00000000a0000000, 0x00000000acd00000, 0x00000000e0000000)
  object space 209920K, 57% used [0x00000000a0000000,0x00000000a767a088,0x00000000acd00000)
 Metaspace       used 69494K, capacity 72104K, committed 72280K, reserved 1112064K
  class space    used 8799K, capacity 9257K, committed 9344K, reserved 1048576K
Event: 1348.614 GC heap after
Heap after GC invocations=21 (full 3):
 PSYoungGen      total 349696K, used 49127K [0x00000000e0000000, 0x00000000fbb80000, 0x0000000100000000)
  eden space 300544K, 0% used [0x00000000e0000000,0x00000000e0000000,0x00000000f2580000)
  from space 49152K, 99% used [0x00000000f6580000,0x00000000f9579f78,0x00000000f9580000)
  to   space 65536K, 0% used [0x00000000f2580000,0x00000000f2580000,0x00000000f6580000)
 ParOldGen       total 209920K, used 143098K [0x00000000a0000000, 0x00000000acd00000, 0x00000000e0000000)
  object space 209920K, 68% used [0x00000000a0000000,0x00000000a8bbe8b8,0x00000000acd00000)
 Metaspace       used 69494K, capacity 72104K, committed 72280K, reserved 1112064K
  class space    used 8799K, capacity 9257K, committed 9344K, reserved 1048576K
}
Event: 1731.843 GC heap before
{Heap before GC invocations=22 (full 3):
 PSYoungGen      total 349696K, used 349671K [0x00000000e0000000, 0x00000000fbb80000, 0x0000000100000000)
  eden space 300544K, 100% used [0x00000000e0000000,0x00000000f2580000,0x00000000f2580000)
  from space 49152K, 99% used [0x00000000f6580000,0x00000000f9579f78,0x00000000f9580000)
  to   space 65536K, 0% used [0x00000000f2580000,0x00000000f2580000,0x00000000f6580000)
 ParOldGen       total 209920K, used 143098K [0x00000000a0000000, 0x00000000acd00000, 0x00000000e0000000)
  object space 209920K, 68% used [0x00000000a0000000,0x00000000a8bbe8b8,0x00000000acd00000)
 Metaspace       used 69774K, capacity 72460K, committed 72536K, reserved 1112064K
  class space    used 8814K, capacity 9277K, committed 9344K, reserved 1048576K
Event: 1731.875 GC heap after
Heap after GC invocations=22 (full 3):
 PSYoungGen      total 366080K, used 3263K [0x00000000e0000000, 0x00000000fbb80000, 0x0000000100000000)
  eden space 300544K, 0% used [0x00000000e0000000,0x00000000e0000000,0x00000000f2580000)
  from space 65536K, 4% used [0x00000000f2580000,0x00000000f28afdd0,0x00000000f6580000)
  to   space 49152K, 0% used [0x00000000f6580000,0x00000000f6580000,0x00000000f9580000)
 ParOldGen       total 209920K, used 191942K [0x00000000a0000000, 0x00000000acd00000, 0x00000000e0000000)
  object space 209920K, 91% used [0x00000000a0000000,0x00000000abb71868,0x00000000acd00000)
 Metaspace       used 69774K, capacity 72460K, committed 72536K, reserved 1112064K
  class space    used 8814K, capacity 9277K, committed 9344K, reserved 1048576K
}
Event: 1731.875 GC heap before
{Heap before GC invocations=23 (full 4):
 PSYoungGen      total 366080K, used 3263K [0x00000000e0000000, 0x00000000fbb80000, 0x0000000100000000)
  eden space 300544K, 0% used [0x00000000e0000000,0x00000000e0000000,0x00000000f2580000)
  from space 65536K, 4% used [0x00000000f2580000,0x00000000f28afdd0,0x00000000f6580000)
  to   space 49152K, 0% used [0x00000000f6580000,0x00000000f6580000,0x00000000f9580000)
 ParOldGen       total 209920K, used 191942K [0x00000000a0000000, 0x00000000acd00000, 0x00000000e0000000)
  object space 209920K, 91% used [0x00000000a0000000,0x00000000abb71868,0x00000000acd00000)
 Metaspace       used 69774K, capacity 72460K, committed 72536K, reserved 1112064K
  class space    used 8814K, capacity 9277K, committed 9344K, reserved 1048576K
Event: 1731.977 GC heap after
Heap after GC invocations=23 (full 4):
 PSYoungGen      total 366080K, used 0K [0x00000000e0000000, 0x00000000fbb80000, 0x0000000100000000)
  eden space 300544K, 0% used [0x00000000e0000000,0x00000000e0000000,0x00000000f2580000)
  from space 65536K, 0% used [0x00000000f2580000,0x00000000f2580000,0x00000000f6580000)
  to   space 49152K, 0% used [0x00000000f6580000,0x00000000f6580000,0x00000000f9580000)
 ParOldGen       total 209920K, used 49576K [0x00000000a0000000, 0x00000000acd00000, 0x00000000e0000000)
  object space 209920K, 23% used [0x00000000a0000000,0x00000000a306a220,0x00000000acd00000)
 Metaspace       used 67846K, capacity 70350K, committed 72536K, reserved 1112064K
  class space    used 8604K, capacity 9026K, committed 9344K, reserved 1048576K
}

